<?xml version="1.0" encoding="UTF-8"?>
<!-- Generated by org.testng.reporters.JUnitXMLReporter -->
<testsuite ignored="0" hostname="DESKTOP-UOVJQ5N" failures="1" tests="3" name="Test" time="0.138" errors="0" timestamp="2023-04-27T15:13:25 IST">
  <testcase classname="test.classes.NewTest2" name="test2" time="0.048">
    <failure type="java.lang.AssertionError" message="expected [false] but found [true]">
      <![CDATA[java.lang.AssertionError: expected [false] but found [true]
at test.classes.NewTest2.test2(NewTest2.java:15)
at java.base/java.util.ArrayList.forEach(ArrayList.java:1511)
... Removed 31 stack frames]]>
    </failure>
  </testcase> <!-- test2 -->
  <testcase classname="test.classes.NewTest2" name="test3" time="0.0">
    <skipped/>
  </testcase> <!-- test3 -->
  <testcase classname="test.classes.NewTest1" name="test1" time="0.002"/>
</testsuite> <!-- Test -->
