<?xml version="1.0" encoding="UTF-8"?>
<!-- Generated by org.testng.reporters.JUnitXMLReporter -->
<testsuite ignored="0" hostname="DESKTOP-UOVJQ5N" failures="1" tests="4" name="Test" time="0.181" errors="0" timestamp="2023-04-28T11:16:34 IST">
  <testcase classname="TestClasses2.TestClass1" name="test1" time="0.053"/>
  <testcase classname="TestClasses2.TestClass1" name="test2" time="0.004"/>
  <testcase classname="TestClasses2.TestClass2" name="test1" time="0.002">
    <failure type="java.lang.AssertionError" message="expected [true] but found [false]">
      <![CDATA[java.lang.AssertionError: expected [true] but found [false]
at TestClasses2.TestClass2.test1(TestClass2.java:20)
at java.base/java.util.ArrayList.forEach(ArrayList.java:1511)
... Removed 31 stack frames]]>
    </failure>
  </testcase> <!-- test1 -->
  <testcase classname="TestClasses2.TestClass2" name="test2" time="0.0">
    <skipped/>
  </testcase> <!-- test2 -->
</testsuite> <!-- Test -->
