<?xml version="1.0" encoding="UTF-8"?>
<!-- Generated by org.testng.reporters.JUnitXMLReporter -->
<testsuite ignored="0" hostname="DESKTOP-UOVJQ5N" failures="1" tests="1" name="Test" time="36.156" errors="0" timestamp="2023-04-28T17:01:22 IST">
  <testcase classname="test.classes.ACCPLoginTest" name="verifyPolicyNumber" time="0.213">
    <failure type="java.lang.AssertionError" message="Failed : both results are different expected [AAP 0104677] but found [AAP 0104676]">
      <![CDATA[java.lang.AssertionError: Failed : both results are different expected [AAP 0104677] but found [AAP 0104676]
at test.classes.ACCPLoginTest.verifyPolicyNumber(ACCPLoginTest.java:90)
at java.base/java.util.ArrayList.forEach(ArrayList.java:1511)
... Removed 32 stack frames]]>
    </failure>
  </testcase> <!-- verifyPolicyNumber -->
</testsuite> <!-- Test -->
